<?xml version="1.0" encoding="UTF-8"?>
<testsuite xmlns:xsi="http://www.w3.org/2001/XMLSchema-instance" xsi:noNamespaceSchemaLocation="https://maven.apache.org/surefire/maven-failsafe-plugin/xsd/failsafe-test-report.xsd" version="3.0.2" name="org.tqs.deti.ua.lab6_5cars_IT.ControllerEx5IT" time="9.216" tests="2" errors="0" skipped="0" failures="0">
  <properties>
[...]
</properties>
  <testcase name="whenValidInput_thenCreateCar" classname="org.tqs.deti.ua.lab6_5cars_IT.ControllerEx5IT" time="1.235">
    <system-out><![CDATA[22:52:24.140 [main] INFO org.springframework.test.context.support.AnnotationConfigContextLoaderUtils -- Could not detect default configuration classes for test class [org.tqs.deti.ua.lab6_5cars_IT.ControllerEx5IT]: ControllerEx5IT does not declare any static, non-private, non-final, nested classes annotated with @Configuration.
22:52:24.346 [main] INFO org.springframework.boot.test.context.SpringBootTestContextBootstrapper -- Found @SpringBootConfiguration org.tqs.deti.ua.lab6_5cars_IT.Lab65carsITApplication for test class org.tqs.deti.ua.lab6_5cars_IT.ControllerEx5IT
22:52:24.495 [main] INFO org.testcontainers.images.PullPolicy -- Image pull policy will be performed by: DefaultPullPolicy()
22:52:24.499 [main] INFO org.testcontainers.utility.ImageNameSubstitutor -- Image name substitution will be performed by: DefaultImageNameSubstitutor (composite of 'ConfigurationFileImageNameSubstitutor' and 'PrefixingImageNameSubstitutor')
22:52:24.533 [main] INFO org.testcontainers.DockerClientFactory -- Testcontainers version: 1.20.5
22:52:25.026 [main] INFO org.testcontainers.dockerclient.DockerClientProviderStrategy -- Found Docker environment with Environment variables, system properties and defaults. Resolved dockerHost=unix:///var/run/docker.sock
22:52:25.027 [main] INFO org.testcontainers.DockerClientFactory -- Docker host IP address is localhost
22:52:25.044 [main] INFO org.testcontainers.DockerClientFactory -- Connected to docker: 
  Server Version: 28.0.1
  API Version: 1.48
  Operating System: Ubuntu 22.04.5 LTS
  Total Memory: 15841 MB
22:52:25.078 [main] INFO tc.testcontainers/ryuk:0.11.0 -- Creating container for image: testcontainers/ryuk:0.11.0
22:52:25.226 [main] INFO tc.testcontainers/ryuk:0.11.0 -- Container testcontainers/ryuk:0.11.0 is starting: 18b02e4d6a194113496e71b0cc195aa7bc99eebbc2e8cfbbd3565bcc2e079374
22:52:25.536 [main] INFO tc.testcontainers/ryuk:0.11.0 -- Container testcontainers/ryuk:0.11.0 started in PT0.457780842S
22:52:25.542 [main] INFO org.testcontainers.utility.RyukResourceReaper -- Ryuk started - will monitor and terminate Testcontainers containers on JVM exit
22:52:25.542 [main] INFO org.testcontainers.DockerClientFactory -- Checking the system...
22:52:25.543 [main] INFO org.testcontainers.DockerClientFactory -- ✔︎ Docker server version should be at least 1.6.0
22:52:25.544 [main] INFO tc.postgres:12 -- Creating container for image: postgres:12
22:52:25.581 [main] INFO tc.postgres:12 -- Container postgres:12 is starting: 4c3680d1bea216442a77ddf66d66e480b9bae7c4afe5847cdc5346b18c455821
22:52:27.068 [main] INFO tc.postgres:12 -- Container postgres:12 started in PT1.524046769S
22:52:27.068 [main] INFO tc.postgres:12 -- Container is started (JDBC URL: jdbc:postgresql://localhost:32783/lab6_5test?loggerLevel=OFF)
22:52:27.128 [main] INFO org.springframework.boot.devtools.restart.RestartApplicationListener -- Restart disabled due to context in which it is running

  .   ____          _            __ _ _
 /\\ / ___'_ __ _ _(_)_ __  __ _ \ \ \ \
( ( )\___ | '_ | '_| | '_ \/ _` | \ \ \ \
 \\/  ___)| |_)| | | | | || (_| |  ) ) ) )
  '  |____| .__|_| |_|_| |_\__, | / / / /
 =========|_|==============|___/=/_/_/_/

 :: Spring Boot ::                (v3.4.3)

2025-03-27T22:52:27.447Z  INFO 19836 --- [lab3_2cars] [           main] o.t.d.ua.lab6_5cars_IT.ControllerEx5IT   : Starting ControllerEx5IT using Java 21.0.6 with PID 19836 (started by rodrigoabreu in /home/rodrigoabreu/Desktop/LEI/TerceiroAno/semestre2/TQS/TQS_113626/lab6/lab6_5cars_IT)
2025-03-27T22:52:27.448Z  INFO 19836 --- [lab3_2cars] [           main] o.t.d.ua.lab6_5cars_IT.ControllerEx5IT   : No active profile set, falling back to 1 default profile: "default"
2025-03-27T22:52:28.290Z  INFO 19836 --- [lab3_2cars] [           main] .s.d.r.c.RepositoryConfigurationDelegate : Bootstrapping Spring Data JPA repositories in DEFAULT mode.
2025-03-27T22:52:28.356Z  INFO 19836 --- [lab3_2cars] [           main] .s.d.r.c.RepositoryConfigurationDelegate : Finished Spring Data repository scanning in 52 ms. Found 1 JPA repository interface.
2025-03-27T22:52:28.954Z  INFO 19836 --- [lab3_2cars] [           main] o.s.b.w.embedded.tomcat.TomcatWebServer  : Tomcat initialized with port 0 (http)
2025-03-27T22:52:28.969Z  INFO 19836 --- [lab3_2cars] [           main] o.apache.catalina.core.StandardService   : Starting service [Tomcat]
2025-03-27T22:52:28.970Z  INFO 19836 --- [lab3_2cars] [           main] o.apache.catalina.core.StandardEngine    : Starting Servlet engine: [Apache Tomcat/10.1.36]
2025-03-27T22:52:29.028Z  INFO 19836 --- [lab3_2cars] [           main] o.a.c.c.C.[Tomcat].[localhost].[/]       : Initializing Spring embedded WebApplicationContext
2025-03-27T22:52:29.030Z  INFO 19836 --- [lab3_2cars] [           main] w.s.c.ServletWebServerApplicationContext : Root WebApplicationContext: initialization completed in 1383 ms
2025-03-27T22:52:29.313Z  INFO 19836 --- [lab3_2cars] [           main] com.zaxxer.hikari.HikariDataSource       : HikariPool-1 - Starting...
2025-03-27T22:52:29.435Z  INFO 19836 --- [lab3_2cars] [           main] com.zaxxer.hikari.pool.HikariPool        : HikariPool-1 - Added connection org.postgresql.jdbc.PgConnection@37dec463
2025-03-27T22:52:29.437Z  INFO 19836 --- [lab3_2cars] [           main] com.zaxxer.hikari.HikariDataSource       : HikariPool-1 - Start completed.
2025-03-27T22:52:29.472Z  INFO 19836 --- [lab3_2cars] [           main] org.flywaydb.core.FlywayExecutor         : Database: jdbc:postgresql://localhost:32783/lab6_5test?loggerLevel=OFF (PostgreSQL 12.22)
2025-03-27T22:52:29.513Z  INFO 19836 --- [lab3_2cars] [           main] o.f.c.i.s.JdbcTableSchemaHistory         : Schema history table "public"."flyway_schema_history" does not exist yet
2025-03-27T22:52:29.518Z  INFO 19836 --- [lab3_2cars] [           main] o.f.core.internal.command.DbValidate     : Successfully validated 1 migration (execution time 00:00.020s)
2025-03-27T22:52:29.535Z  INFO 19836 --- [lab3_2cars] [           main] o.f.c.i.s.JdbcTableSchemaHistory         : Creating Schema History table "public"."flyway_schema_history" ...
2025-03-27T22:52:29.582Z  INFO 19836 --- [lab3_2cars] [           main] o.f.core.internal.command.DbMigrate      : Current version of schema "public": << Empty Schema >>
2025-03-27T22:52:29.593Z  INFO 19836 --- [lab3_2cars] [           main] o.f.core.internal.command.DbMigrate      : Migrating schema "public" to version "001 - INIT"
2025-03-27T22:52:29.630Z  INFO 19836 --- [lab3_2cars] [           main] o.f.core.internal.command.DbMigrate      : Successfully applied 1 migration to schema "public", now at version v001 (execution time 00:00.015s)
2025-03-27T22:52:29.757Z  INFO 19836 --- [lab3_2cars] [           main] o.hibernate.jpa.internal.util.LogHelper  : HHH000204: Processing PersistenceUnitInfo [name: default]
2025-03-27T22:52:29.806Z  INFO 19836 --- [lab3_2cars] [           main] org.hibernate.Version                    : HHH000412: Hibernate ORM core version 6.6.8.Final
2025-03-27T22:52:29.857Z  INFO 19836 --- [lab3_2cars] [           main] o.h.c.internal.RegionFactoryInitiator    : HHH000026: Second-level cache disabled
2025-03-27T22:52:30.136Z  INFO 19836 --- [lab3_2cars] [           main] o.s.o.j.p.SpringPersistenceUnitInfo      : No LoadTimeWeaver setup: ignoring JPA class transformer
2025-03-27T22:52:30.237Z  INFO 19836 --- [lab3_2cars] [           main] org.hibernate.orm.connections.pooling    : HHH10001005: Database info:
	Database JDBC URL [Connecting through datasource 'HikariDataSource (HikariPool-1)']
	Database driver: undefined/unknown
	Database version: 12.22
	Autocommit mode: undefined/unknown
	Isolation level: undefined/unknown
	Minimum pool size: undefined/unknown
	Maximum pool size: undefined/unknown
2025-03-27T22:52:30.877Z  INFO 19836 --- [lab3_2cars] [           main] o.h.e.t.j.p.i.JtaPlatformInitiator       : HHH000489: No JTA platform available (set 'hibernate.transaction.jta.platform' to enable JTA platform integration)
2025-03-27T22:52:30.880Z  INFO 19836 --- [lab3_2cars] [           main] j.LocalContainerEntityManagerFactoryBean : Initialized JPA EntityManagerFactory for persistence unit 'default'
2025-03-27T22:52:31.124Z  WARN 19836 --- [lab3_2cars] [           main] JpaBaseConfiguration$JpaWebConfiguration : spring.jpa.open-in-view is enabled by default. Therefore, database queries may be performed during view rendering. Explicitly configure spring.jpa.open-in-view to disable this warning
2025-03-27T22:52:31.413Z  INFO 19836 --- [lab3_2cars] [           main] o.a.c.c.C.[Tomcat].[localhost].[/]       : Initializing Spring TestDispatcherServlet ''
2025-03-27T22:52:31.413Z  INFO 19836 --- [lab3_2cars] [           main] o.s.t.web.servlet.TestDispatcherServlet  : Initializing Servlet ''
2025-03-27T22:52:31.414Z  INFO 19836 --- [lab3_2cars] [           main] o.s.t.web.servlet.TestDispatcherServlet  : Completed initialization in 1 ms
2025-03-27T22:52:31.585Z  INFO 19836 --- [lab3_2cars] [           main] o.s.b.w.embedded.tomcat.TomcatWebServer  : Tomcat started on port 39931 (http) with context path '/'
2025-03-27T22:52:31.593Z  INFO 19836 --- [lab3_2cars] [           main] o.t.d.ua.lab6_5cars_IT.ControllerEx5IT   : Started ControllerEx5IT in 4.475 seconds (process running for 8.265)
]]></system-out>
    <system-err><![CDATA[Mockito is currently self-attaching to enable the inline-mock-maker. This will no longer work in future releases of the JDK. Please add Mockito as an agent to your build what is described in Mockito's documentation: https://javadoc.io/doc/org.mockito/mockito-core/latest/org/mockito/Mockito.html#0.3
WARNING: A Java agent has been loaded dynamically (/home/rodrigoabreu/.m2/repository/net/bytebuddy/byte-buddy-agent/1.15.11/byte-buddy-agent-1.15.11.jar)
WARNING: If a serviceability tool is in use, please run with -XX:+EnableDynamicAgentLoading to hide this warning
WARNING: If a serviceability tool is not in use, please run with -Djdk.instrument.traceUsage for more information
WARNING: Dynamic loading of agents will be disallowed by default in a future release
]]></system-err>
  </testcase>
  <testcase name="givenCars_whenGetCars_thenStatus200" classname="org.tqs.deti.ua.lab6_5cars_IT.ControllerEx5IT" time="0.095"/>
</testsuite>